<?xml version="1.0" ?>
<coverage version="7.3.0" timestamp="1703505206791" lines-valid="6" lines-covered="6" line-rate="1" branches-valid="2" branches-covered="2" branch-rate="1" complexity="0">
	<!-- Generated by coverage.py: https://coverage.readthedocs.io/en/7.3.0 -->
	<!-- Based on https://raw.githubusercontent.com/cobertura/web/master/htdocs/xml/coverage-04.dtd -->
	<sources>
		<source></source>
	</sources>
	<packages>
		<package name=".home.dominik.Uni.HS2023.Seminar_Software_Engineering.test_generator.klara-venv.python-tool-competition-2024-klara.targets" line-rate="1" branch-rate="1" complexity="0">
			<classes>
				<class name="example_2.py" filename="/home/dominik/Uni/HS2023/Seminar_Software_Engineering/test_generator/klara-venv/python-tool-competition-2024-klara/targets/example_2.py" complexity="0" line-rate="1" branch-rate="1">
					<methods/>
					<lines>
						<line number="1" hits="1"/>
						<line number="2" hits="1" branch="true" condition-coverage="100% (2/2)"/>
						<line number="3" hits="1"/>
						<line number="5" hits="1"/>
						<line number="6" hits="1"/>
						<line number="7" hits="1"/>
					</lines>
				</class>
			</classes>
		</package>
	</packages>
</coverage>
