<?xml version="1.0" ?>
<coverage version="7.3.0" timestamp="1703505201308" lines-valid="7" lines-covered="0" line-rate="0" branches-valid="6" branches-covered="0" branch-rate="0" complexity="0">
	<!-- Generated by coverage.py: https://coverage.readthedocs.io/en/7.3.0 -->
	<!-- Based on https://raw.githubusercontent.com/cobertura/web/master/htdocs/xml/coverage-04.dtd -->
	<sources>
		<source></source>
	</sources>
	<packages>
		<package name=".home.dominik.Uni.HS2023.Seminar_Software_Engineering.test_generator.klara-venv.python-tool-competition-2024-klara.targets" line-rate="0" branch-rate="0" complexity="0">
			<classes>
				<class name="Quicksort.py" filename="/home/dominik/Uni/HS2023/Seminar_Software_Engineering/test_generator/klara-venv/python-tool-competition-2024-klara/targets/Quicksort.py" complexity="0" line-rate="0" branch-rate="0">
					<methods/>
					<lines>
						<line number="1" hits="0"/>
						<line number="2" hits="0" branch="true" condition-coverage="0% (0/2)" missing-branches="3,5"/>
						<line number="3" hits="0"/>
						<line number="5" hits="0"/>
						<line number="6" hits="0" branch="true" condition-coverage="0% (0/2)" missing-branches="exit,7"/>
						<line number="7" hits="0" branch="true" condition-coverage="0% (0/2)" missing-branches="exit,8"/>
						<line number="8" hits="0"/>
					</lines>
				</class>
			</classes>
		</package>
	</packages>
</coverage>
