<?xml version="1.0" ?>
<coverage version="7.3.0" timestamp="1702543602091" lines-valid="4" lines-covered="4" line-rate="1" branches-valid="0" branches-covered="0" branch-rate="1" complexity="0">
	<!-- Generated by coverage.py: https://coverage.readthedocs.io/en/7.3.0 -->
	<!-- Based on https://raw.githubusercontent.com/cobertura/web/master/htdocs/xml/coverage-04.dtd -->
	<sources>
		<source></source>
	</sources>
	<packages>
		<package name=".home.dominik.Uni.HS2023.Seminar_Software_Engineering.test_generator.klara-venv.python-tool-competition-2024-klara.targets" line-rate="1" branch-rate="1" complexity="0">
			<classes>
				<class name="example_1.py" filename="/home/dominik/Uni/HS2023/Seminar_Software_Engineering/test_generator/klara-venv/python-tool-competition-2024-klara/targets/example_1.py" complexity="0" line-rate="1" branch-rate="1">
					<methods/>
					<lines>
						<line number="3" hits="1"/>
						<line number="5" hits="1"/>
						<line number="8" hits="1"/>
						<line number="10" hits="1"/>
					</lines>
				</class>
			</classes>
		</package>
	</packages>
</coverage>
